[ 2025-10-12 17:26:01,515 ]: 1025 httpx - INFO - HTTP Request: GET https://dagshub.com/api/v1/user "HTTP/1.1 200 OK"
[ 2025-10-12 17:26:01,518 ]: 107 dagshub - INFO - Accessing as garcialejan
[ 2025-10-12 17:26:02,000 ]: 1025 httpx - INFO - HTTP Request: GET https://dagshub.com/api/v1/repos/garcialejan/Network-security-project "HTTP/1.1 200 OK"
[ 2025-10-12 17:26:02,428 ]: 1025 httpx - INFO - HTTP Request: GET https://dagshub.com/api/v1/user "HTTP/1.1 200 OK"
[ 2025-10-12 17:26:02,429 ]: 107 dagshub - INFO - Initialized MLflow to track repo "garcialejan/Network-security-project"
[ 2025-10-12 17:26:02,432 ]: 107 dagshub - INFO - Repository garcialejan/Network-security-project initialized!
[ 2025-10-12 17:26:02,432 ]: 20 security_network_project - INFO - Initiate the data ingestion
[ 2025-10-12 17:26:04,376 ]: 67 security_network_project - INFO - Performed train test split on the dataframe
[ 2025-10-12 17:26:04,376 ]: 69 security_network_project - INFO - Exited split_data_as_train_test method of Data_Ingestion class
[ 2025-10-12 17:26:04,377 ]: 77 security_network_project - INFO - Exporting train and test file path.
[ 2025-10-12 17:26:04,415 ]: 87 security_network_project - INFO - Exported train and test file path.
[ 2025-10-12 17:26:04,417 ]: 22 security_network_project - INFO - Data ingestion completed
[ 2025-10-12 17:26:04,423 ]: 43 security_network_project - INFO - yaml file: data_schema\schema.yaml loaded successfully
[ 2025-10-12 17:26:04,423 ]: 28 security_network_project - INFO - Initiate the data validation
[ 2025-10-12 17:26:04,455 ]: 46 security_network_project - INFO - Required number of columns:31
[ 2025-10-12 17:26:04,455 ]: 47 security_network_project - INFO - Data frame has columns:32
[ 2025-10-12 17:26:04,455 ]: 46 security_network_project - INFO - Required number of columns:31
[ 2025-10-12 17:26:04,456 ]: 47 security_network_project - INFO - Data frame has columns:32
[ 2025-10-12 17:26:04,567 ]: 30 security_network_project - INFO - Data validation completed
[ 2025-10-12 17:26:04,567 ]: 36 security_network_project - INFO - Initiate the data transformation
[ 2025-10-12 17:26:04,567 ]: 64 security_network_project - INFO - Entered initiate_data_transformation method of DataTransformation class
[ 2025-10-12 17:26:04,567 ]: 66 security_network_project - INFO - Strating data trasnformation
[ 2025-10-12 17:26:04,584 ]: 50 security_network_project - INFO - Entered get_data_trnasformer_object method of Trnasformation class
[ 2025-10-12 17:26:04,584 ]: 55 security_network_project - INFO - Initialise KNNImputer with {'missing_values': nan, 'n_neighbors': 5, 'weights': 'uniform'}
[ 2025-10-12 17:26:04,591 ]: 77 security_network_project - INFO - Entered the save_object method of MainUtils class
[ 2025-10-12 17:26:04,592 ]: 81 security_network_project - INFO - Exited the save_object method of MainUtils class
[ 2025-10-12 17:26:04,592 ]: 77 security_network_project - INFO - Entered the save_object method of MainUtils class
[ 2025-10-12 17:26:04,594 ]: 81 security_network_project - INFO - Exited the save_object method of MainUtils class
[ 2025-10-12 17:26:04,595 ]: 38 security_network_project - INFO - Data transformation completed
[ 2025-10-12 17:26:04,595 ]: 42 security_network_project - INFO - Model Training started
[ 2025-10-12 17:38:09,035 ]: 166 security_network_project - INFO - Best model selected: Random Forest
[ 2025-10-12 17:38:09,035 ]: 167 security_network_project - INFO - Best hyperparameters: {'max_features': 'log2', 'n_estimators': 256}
[ 2025-10-12 17:38:09,035 ]: 168 security_network_project - INFO - Best score: 0.972
[ 2025-10-12 17:42:59,955 ]: 77 security_network_project - INFO - Entered the save_object method of MainUtils class
[ 2025-10-12 17:42:59,955 ]: 81 security_network_project - INFO - Exited the save_object method of MainUtils class
[ 2025-10-12 17:42:59,955 ]: 77 security_network_project - INFO - Entered the save_object method of MainUtils class
[ 2025-10-12 17:42:59,980 ]: 81 security_network_project - INFO - Exited the save_object method of MainUtils class
[ 2025-10-12 17:42:59,981 ]: 197 security_network_project - INFO - Model trainer artifact: ModelTrainerArtifact(trained_model_file_path='Artifacts\\10_12_2025_17_25_59\\model_trainer\\trained_model\\model.pkl', train_metric_artifact=ClassificationMetricArtifact(accuracy_score=0.9899366802351877, f1_score=0.9909155864040012, precision_score=0.9873881204231082, recall_score=0.9944683466502766), test_metric_artifact=ClassificationMetricArtifact(accuracy_score=0.9719583898688376, f1_score=0.9760061919504643, precision_score=0.9640672782874617, recall_score=0.9882445141065831))
[ 2025-10-12 17:42:59,983 ]: 47 security_network_project - INFO - Model Training artifact created
