[ 2025-10-12 16:48:52,397 ]: 1025 httpx - INFO - HTTP Request: POST https://dagshub.com/login/oauth/middleman "HTTP/1.1 200 OK"
[ 2025-10-12 16:48:52,868 ]: 1025 httpx - INFO - HTTP Request: POST https://dagshub.com/login/oauth/access_token "HTTP/1.1 200 OK"
[ 2025-10-12 16:48:53,290 ]: 1025 httpx - INFO - HTTP Request: GET https://dagshub.com/api/v1/user "HTTP/1.1 200 OK"
[ 2025-10-12 16:48:53,292 ]: 107 dagshub - INFO - Accessing as garcialejan
[ 2025-10-12 16:48:53,782 ]: 1025 httpx - INFO - HTTP Request: GET https://dagshub.com/api/v1/repos/garcialejan/Network-security-project "HTTP/1.1 200 OK"
[ 2025-10-12 16:48:54,210 ]: 1025 httpx - INFO - HTTP Request: GET https://dagshub.com/api/v1/user "HTTP/1.1 200 OK"
[ 2025-10-12 16:48:54,212 ]: 107 dagshub - INFO - Initialized MLflow to track repo "garcialejan/Network-security-project"
[ 2025-10-12 16:48:54,212 ]: 107 dagshub - INFO - Repository garcialejan/Network-security-project initialized!
[ 2025-10-12 16:48:54,212 ]: 20 security_network_project - INFO - Initiate the data ingestion
[ 2025-10-12 16:48:55,948 ]: 67 security_network_project - INFO - Performed train test split on the dataframe
[ 2025-10-12 16:48:55,949 ]: 69 security_network_project - INFO - Exited split_data_as_train_test method of Data_Ingestion class
[ 2025-10-12 16:48:55,949 ]: 77 security_network_project - INFO - Exporting train and test file path.
[ 2025-10-12 16:48:55,987 ]: 87 security_network_project - INFO - Exported train and test file path.
[ 2025-10-12 16:48:55,989 ]: 22 security_network_project - INFO - Data ingestion completed
[ 2025-10-12 16:48:55,993 ]: 43 security_network_project - INFO - yaml file: data_schema\schema.yaml loaded successfully
[ 2025-10-12 16:48:55,994 ]: 28 security_network_project - INFO - Initiate the data validation
[ 2025-10-12 16:48:56,026 ]: 46 security_network_project - INFO - Required number of columns:31
[ 2025-10-12 16:48:56,026 ]: 47 security_network_project - INFO - Data frame has columns:32
[ 2025-10-12 16:48:56,026 ]: 46 security_network_project - INFO - Required number of columns:31
[ 2025-10-12 16:48:56,026 ]: 47 security_network_project - INFO - Data frame has columns:32
[ 2025-10-12 16:48:56,133 ]: 30 security_network_project - INFO - Data validation completed
[ 2025-10-12 16:48:56,133 ]: 36 security_network_project - INFO - Initiate the data transformation
[ 2025-10-12 16:48:56,134 ]: 64 security_network_project - INFO - Entered initiate_data_transformation method of DataTransformation class
[ 2025-10-12 16:48:56,134 ]: 66 security_network_project - INFO - Strating data trasnformation
[ 2025-10-12 16:48:56,151 ]: 50 security_network_project - INFO - Entered get_data_trnasformer_object method of Trnasformation class
[ 2025-10-12 16:48:56,151 ]: 55 security_network_project - INFO - Initialise KNNImputer with {'missing_values': nan, 'n_neighbors': 5, 'weights': 'uniform'}
[ 2025-10-12 16:48:56,159 ]: 77 security_network_project - INFO - Entered the save_object method of MainUtils class
[ 2025-10-12 16:48:56,160 ]: 81 security_network_project - INFO - Exited the save_object method of MainUtils class
[ 2025-10-12 16:48:56,160 ]: 77 security_network_project - INFO - Entered the save_object method of MainUtils class
[ 2025-10-12 16:48:56,162 ]: 81 security_network_project - INFO - Exited the save_object method of MainUtils class
[ 2025-10-12 16:48:56,163 ]: 38 security_network_project - INFO - Data transformation completed
[ 2025-10-12 16:48:56,163 ]: 42 security_network_project - INFO - Model Training started
[ 2025-10-12 17:00:58,656 ]: 166 security_network_project - INFO - Best model selected: Gradient Boosting
[ 2025-10-12 17:00:58,657 ]: 167 security_network_project - INFO - Best hyperparameters: {'learning_rate': 0.1, 'max_depth': 6, 'n_estimators': 256, 'subsample': 0.9}
[ 2025-10-12 17:00:58,657 ]: 168 security_network_project - INFO - Best score: 0.967
[ 2025-10-12 17:01:00,773 ]: 868 urllib3.connectionpool - WARNING - Retrying (Retry(total=6, connect=6, read=7, redirect=7, status=7)) after connection broken by 'NewConnectionError('<urllib3.connection.HTTPConnection object at 0x0000019115218A00>: Failed to establish a new connection: [WinError 10061] No se puede establecer una conexión ya que el equipo de destino denegó expresamente dicha conexión')': /api/2.0/mlflow/experiments/get-by-name?experiment_name=Best+model+NetworkSecurity
[ 2025-10-12 17:01:06,981 ]: 868 urllib3.connectionpool - WARNING - Retrying (Retry(total=5, connect=5, read=7, redirect=7, status=7)) after connection broken by 'NewConnectionError('<urllib3.connection.HTTPConnection object at 0x000001911521BBB0>: Failed to establish a new connection: [WinError 10061] No se puede establecer una conexión ya que el equipo de destino denegó expresamente dicha conexión')': /api/2.0/mlflow/experiments/get-by-name?experiment_name=Best+model+NetworkSecurity
[ 2025-10-12 17:01:17,237 ]: 868 urllib3.connectionpool - WARNING - Retrying (Retry(total=4, connect=4, read=7, redirect=7, status=7)) after connection broken by 'NewConnectionError('<urllib3.connection.HTTPConnection object at 0x0000019113298820>: Failed to establish a new connection: [WinError 10061] No se puede establecer una conexión ya que el equipo de destino denegó expresamente dicha conexión')': /api/2.0/mlflow/experiments/get-by-name?experiment_name=Best+model+NetworkSecurity
[ 2025-10-12 17:01:35,866 ]: 868 urllib3.connectionpool - WARNING - Retrying (Retry(total=3, connect=3, read=7, redirect=7, status=7)) after connection broken by 'NewConnectionError('<urllib3.connection.HTTPConnection object at 0x000001911521BE80>: Failed to establish a new connection: [WinError 10061] No se puede establecer una conexión ya que el equipo de destino denegó expresamente dicha conexión')': /api/2.0/mlflow/experiments/get-by-name?experiment_name=Best+model+NetworkSecurity
